[0912/160526.461:ERROR:process_memory_win.cc(73)] ReadMemory at 0x7ff784c50000 of 64 bytes failed: Only part of a ReadProcessMemory or WriteProcessMemory request was completed. (0x12B)
[0912/160526.949:WARNING:pe_image_reader.cc(340)] could not read dos header from C:\Program Files (x86)\Google\Chrome\Application\chrome.exe
[0912/160526.949:ERROR:process_memory_win.cc(73)] ReadMemory at 0x7ffa44540000 of 64 bytes failed: Only part of a ReadProcessMemory or WriteProcessMemory request was completed. (0x12B)
[0912/160526.949:WARNING:pe_image_reader.cc(340)] could not read dos header from C:\WINDOWS\SYSTEM32\ntdll.dll
[0912/160526.949:ERROR:process_memory_win.cc(73)] ReadMemory at 0x7ffa43b00000 of 64 bytes failed: Only part of a ReadProcessMemory or WriteProcessMemory request was completed. (0x12B)
[0912/160527.073:WARNING:pe_image_reader.cc(340)] could not read dos header from C:\WINDOWS\System32\KERNEL32.DLL
[0912/160527.073:ERROR:process_memory_win.cc(73)] ReadMemory at 0x7ffa422e0000 of 64 bytes failed: Only part of a ReadProcessMemory or WriteProcessMemory request was completed. (0x12B)
[0912/160527.073:WARNING:pe_image_reader.cc(340)] could not read dos header from C:\WINDOWS\System32\KERNELBASE.dll
[0912/160527.073:ERROR:process_memory_win.cc(73)] ReadMemory at 0x7ffa1c950000 of 64 bytes failed: Only part of a ReadProcessMemory or WriteProcessMemory request was completed. (0x12B)
[0912/160527.073:WARNING:pe_image_reader.cc(340)] could not read dos header from C:\Program Files (x86)\Google\Chrome\Application\85.0.4183.102\chrome_elf.dll
[0912/160527.073:ERROR:process_memory_win.cc(73)] ReadMemory at 0x7ffa36090000 of 64 bytes failed: Only part of a ReadProcessMemory or WriteProcessMemory request was completed. (0x12B)
[0912/160527.073:WARNING:pe_image_reader.cc(340)] could not read dos header from C:\WINDOWS\SYSTEM32\VERSION.dll
[0912/160527.073:ERROR:process_memory_win.cc(73)] ReadMemory at 0x7ffa438e0000 of 64 bytes failed: Only part of a ReadProcessMemory or WriteProcessMemory request was completed. (0x12B)
[0912/160527.073:WARNING:pe_image_reader.cc(340)] could not read dos header from C:\WINDOWS\System32\msvcrt.dll
[0912/160527.077:ERROR:process_memory_win.cc(73)] ReadMemory at 0x7ffa417d0000 of 64 bytes failed: Only part of a ReadProcessMemory or WriteProcessMemory request was completed. (0x12B)
[0912/160527.077:WARNING:pe_image_reader.cc(340)] could not read dos header from C:\WINDOWS\System32\bcryptPrimitives.dll
[0912/160527.077:ERROR:process_memory_win.cc(73)] ReadMemory at 0x172aef20000 of 64 bytes failed: Only part of a ReadProcessMemory or WriteProcessMemory request was completed. (0x12B)
[0912/160527.077:WARNING:pe_image_reader.cc(340)] could not read dos header from C:\WINDOWS\System32\ADVAPI32.dll
[0912/160527.077:ERROR:process_memory_win.cc(73)] ReadMemory at 0x7ffa42df0000 of 64 bytes failed: Only part of a ReadProcessMemory or WriteProcessMemory request was completed. (0x12B)
[0912/160527.077:WARNING:pe_image_reader.cc(340)] could not read dos header from C:\WINDOWS\System32\sechost.dll
[0912/160527.077:ERROR:process_memory_win.cc(73)] ReadMemory at 0x7ffa439e0000 of 64 bytes failed: Only part of a ReadProcessMemory or WriteProcessMemory request was completed. (0x12B)
[0912/160527.077:WARNING:pe_image_reader.cc(340)] could not read dos header from C:\WINDOWS\System32\RPCRT4.dll
[0912/160527.077:ERROR:process_memory_win.cc(73)] ReadMemory at 0x7ff9ef2a0000 of 64 bytes failed: Only part of a ReadProcessMemory or WriteProcessMemory request was completed. (0x12B)
[0912/160527.077:WARNING:pe_image_reader.cc(340)] could not read dos header from C:\Program Files (x86)\Google\Chrome\Application\85.0.4183.102\chrome.dll
[0912/160527.077:ERROR:process_memory_win.cc(73)] ReadMemory at 0x7ffa43fc0000 of 64 bytes failed: Only part of a ReadProcessMemory or WriteProcessMemory request was completed. (0x12B)
[0912/160527.077:WARNING:pe_image_reader.cc(340)] could not read dos header from C:\WINDOWS\System32\WS2_32.dll
[0912/160527.077:ERROR:process_memory_win.cc(73)] ReadMemory at 0x7ffa44360000 of 64 bytes failed: Only part of a ReadProcessMemory or WriteProcessMemory request was completed. (0x12B)
[0912/160527.077:WARNING:pe_image_reader.cc(340)] could not read dos header from C:\WINDOWS\System32\OLEAUT32.dll
[0912/160527.077:ERROR:process_memory_win.cc(73)] ReadMemory at 0x7ffa414d0000 of 64 bytes failed: Only part of a ReadProcessMemory or WriteProcessMemory request was completed. (0x12B)
[0912/160527.077:WARNING:pe_image_reader.cc(340)] could not read dos header from C:\WINDOWS\System32\msvcp_win.dll
[0912/160527.077:ERROR:process_memory_win.cc(73)] ReadMemory at 0x7ffa41ff0000 of 64 bytes failed: Only part of a ReadProcessMemory or WriteProcessMemory request was completed. (0x12B)
[0912/160527.077:WARNING:pe_image_reader.cc(340)] could not read dos header from C:\WINDOWS\System32\ucrtbase.dll
[0912/160527.077:ERROR:process_memory_win.cc(73)] ReadMemory at 0x7ffa43c80000 of 64 bytes failed: Only part of a ReadProcessMemory or WriteProcessMemory request was completed. (0x12B)
[0912/160527.077:WARNING:pe_image_reader.cc(340)] could not read dos header from C:\WINDOWS\System32\combase.dll
[0912/160527.077:ERROR:process_memory_win.cc(73)] ReadMemory at 0x7ffa42590000 of 64 bytes failed: Only part of a ReadProcessMemory or WriteProcessMemory request was completed. (0x12B)
[0912/160527.077:WARNING:pe_image_reader.cc(340)] could not read dos header from C:\WINDOWS\System32\WINTRUST.dll
[0912/160527.077:ERROR:process_memory_win.cc(73)] ReadMemory at 0x7ffa41430000 of 64 bytes failed: Only part of a ReadProcessMemory or WriteProcessMemory request was completed. (0x12B)
[0912/160527.077:WARNING:pe_image_reader.cc(340)] could not read dos header from C:\WINDOWS\System32\MSASN1.dll
[0912/160527.077:ERROR:process_memory_win.cc(73)] ReadMemory at 0x7ffa41680000 of 64 bytes failed: Only part of a ReadProcessMemory or WriteProcessMemory request was completed. (0x12B)
[0912/160527.077:WARNING:pe_image_reader.cc(340)] could not read dos header from C:\WINDOWS\System32\CRYPT32.dll
[0912/160527.077:ERROR:process_memory_win.cc(73)] ReadMemory at 0x7ffa40660000 of 64 bytes failed: Only part of a ReadProcessMemory or WriteProcessMemory request was completed. (0x12B)
[0912/160527.077:WARNING:pe_image_reader.cc(340)] could not read dos header from C:\WINDOWS\SYSTEM32\IPHLPAPI.DLL
[0912/160527.077:ERROR:process_memory_win.cc(73)] ReadMemory at 0x7ffa3e050000 of 64 bytes failed: Only part of a ReadProcessMemory or WriteProcessMemory request was completed. (0x12B)
[0912/160527.077:WARNING:pe_image_reader.cc(340)] could not read dos header from C:\WINDOWS\SYSTEM32\WINMM.dll
[0912/160527.077:ERROR:process_memory_win.cc(73)] ReadMemory at 0x7ffa24c20000 of 64 bytes failed: Only part of a ReadProcessMemory or WriteProcessMemory request was completed. (0x12B)
[0912/160527.077:WARNING:pe_image_reader.cc(340)] could not read dos header from C:\WINDOWS\SYSTEM32\UIAutomationCore.DLL
[0912/160527.077:ERROR:process_memory_win.cc(73)] ReadMemory at 0x7ffa2af80000 of 64 bytes failed: Only part of a ReadProcessMemory or WriteProcessMemory request was completed. (0x12B)
[0912/160527.077:WARNING:pe_image_reader.cc(340)] could not read dos header from C:\WINDOWS\SYSTEM32\Secur32.dll
[0912/160527.077:ERROR:process_memory_win.cc(73)] ReadMemory at 0x7ffa41320000 of 64 bytes failed: Only part of a ReadProcessMemory or WriteProcessMemory request was completed. (0x12B)
[0912/160527.077:WARNING:pe_image_reader.cc(340)] could not read dos header from C:\WINDOWS\SYSTEM32\USERENV.dll
[0912/160527.081:ERROR:process_memory_win.cc(73)] ReadMemory at 0x7ffa414a0000 of 64 bytes failed: Only part of a ReadProcessMemory or WriteProcessMemory request was completed. (0x12B)
[0912/160527.081:WARNING:pe_image_reader.cc(340)] could not read dos header from C:\WINDOWS\System32\profapi.dll
[0912/160527.081:ERROR:process_memory_win.cc(73)] ReadMemory at 0x7ffa31240000 of 64 bytes failed: Only part of a ReadProcessMemory or WriteProcessMemory request was completed. (0x12B)
[0912/160527.081:WARNING:pe_image_reader.cc(340)] could not read dos header from C:\WINDOWS\SYSTEM32\DWrite.dll
[0912/160527.081:ERROR:process_memory_win.cc(73)] ReadMemory at 0x7ffa3b5a0000 of 64 bytes failed: Only part of a ReadProcessMemory or WriteProcessMemory request was completed. (0x12B)
[0912/160527.081:WARNING:pe_image_reader.cc(340)] could not read dos header from C:\WINDOWS\SYSTEM32\WINSPOOL.DRV
[0912/160527.081:ERROR:process_memory_win.cc(73)] ReadMemory at 0x7ffa41410000 of 64 bytes failed: Only part of a ReadProcessMemory or WriteProcessMemory request was completed. (0x12B)
[0912/160527.081:WARNING:pe_image_reader.cc(340)] could not read dos header from C:\WINDOWS\System32\kernel.appcore.dll
[0912/160527.081:ERROR:process_memory_win.cc(73)] ReadMemory at 0x7ffa41650000 of 64 bytes failed: Only part of a ReadProcessMemory or WriteProcessMemory request was completed. (0x12B)
[0912/160527.081:WARNING:pe_image_reader.cc(340)] could not read dos header from C:\WINDOWS\System32\bcrypt.dll
[0912/160527.081:ERROR:process_memory_win.cc(73)] ReadMemory at 0x7ffa40f20000 of 64 bytes failed: Only part of a ReadProcessMemory or WriteProcessMemory request was completed. (0x12B)
[0912/160527.081:WARNING:pe_image_reader.cc(340)] could not read dos header from C:\WINDOWS\SYSTEM32\dbghelp.dll
[0912/160527.081:ERROR:process_memory_win.cc(73)] ReadMemory at 0x7ffa35670000 of 64 bytes failed: Only part of a ReadProcessMemory or WriteProcessMemory request was completed. (0x12B)
[0912/160527.081:WARNING:pe_image_reader.cc(340)] could not read dos header from C:\WINDOWS\SYSTEM32\WINHTTP.dll
[0912/160527.081:ERROR:process_memory_win.cc(73)] ReadMemory at 0x7ffa36000000 of 64 bytes failed: Only part of a ReadProcessMemory or WriteProcessMemory request was completed. (0x12B)
[0912/160527.081:WARNING:pe_image_reader.cc(340)] could not read dos header from C:\WINDOWS\SYSTEM32\dhcpcsvc.DLL
[0912/160527.081:ERROR:process_memory_win.cc(73)] ReadMemory at 0x7ffa43c70000 of 64 bytes failed: Only part of a ReadProcessMemory or WriteProcessMemory request was completed. (0x12B)
[0912/160527.081:WARNING:pe_image_reader.cc(340)] could not read dos header from C:\WINDOWS\System32\NSI.dll
[0912/160527.081:ERROR:process_memory_win.cc(73)] ReadMemory at 0x7ffa3e020000 of 64 bytes failed: Only part of a ReadProcessMemory or WriteProcessMemory request was completed. (0x12B)
[0912/160527.081:WARNING:pe_image_reader.cc(340)] could not read dos header from C:\WINDOWS\SYSTEM32\WINMMBASE.dll
[0912/160527.081:ERROR:process_memory_win.cc(73)] ReadMemory at 0x7ffa420f0000 of 64 bytes failed: Only part of a ReadProcessMemory or WriteProcessMemory request was completed. (0x12B)
[0912/160527.081:WARNING:pe_image_reader.cc(340)] could not read dos header from C:\WINDOWS\System32\cfgmgr32.dll
[0912/160527.081:ERROR:process_memory_win.cc(73)] ReadMemory at 0x7ffa3d0c0000 of 64 bytes failed: Only part of a ReadProcessMemory or WriteProcessMemory request was completed. (0x12B)
[0912/160527.081:WARNING:pe_image_reader.cc(340)] could not read dos header from C:\WINDOWS\SYSTEM32\PROPSYS.dll
[0912/160527.081:ERROR:process_memory_win.cc(73)] ReadMemory at 0x7ffa42f50000 of 64 bytes failed: Only part of a ReadProcessMemory or WriteProcessMemory request was completed. (0x12B)
[0912/160527.081:WARNING:pe_image_reader.cc(340)] could not read dos header from C:\WINDOWS\System32\shcore.dll
[0912/160527.085:ERROR:process_memory_win.cc(73)] ReadMemory at 0x7ffa412f0000 of 64 bytes failed: Only part of a ReadProcessMemory or WriteProcessMemory request was completed. (0x12B)
[0912/160527.085:WARNING:pe_image_reader.cc(340)] could not read dos header from C:\WINDOWS\SYSTEM32\SSPICLI.DLL
[0912/160527.085:ERROR:process_memory_win.cc(73)] ReadMemory at 0x7ffa40b20000 of 64 bytes failed: Only part of a ReadProcessMemory or WriteProcessMemory request was completed. (0x12B)
[0912/160527.085:WARNING:pe_image_reader.cc(340)] could not read dos header from C:\WINDOWS\SYSTEM32\CRYPTBASE.DLL
[0912/160527.733:ERROR:process_memory_win.cc(73)] ReadMemory at 0x7ff784c50000 of 64 bytes failed: Only part of a ReadProcessMemory or WriteProcessMemory request was completed. (0x12B)
[0912/160527.733:WARNING:pe_image_reader.cc(340)] could not read dos header from C:\Program Files (x86)\Google\Chrome\Application\chrome.exe
[0912/160527.733:ERROR:process_memory_win.cc(73)] ReadMemory at 0x7ffa44540000 of 64 bytes failed: Only part of a ReadProcessMemory or WriteProcessMemory request was completed. (0x12B)
[0912/160527.733:WARNING:pe_image_reader.cc(340)] could not read dos header from C:\WINDOWS\SYSTEM32\ntdll.dll
[0912/160527.733:ERROR:process_memory_win.cc(73)] ReadMemory at 0x7ffa43b00000 of 64 bytes failed: Only part of a ReadProcessMemory or WriteProcessMemory request was completed. (0x12B)
[0912/160527.733:WARNING:pe_image_reader.cc(340)] could not read dos header from C:\WINDOWS\System32\KERNEL32.DLL
[0912/160527.733:ERROR:process_memory_win.cc(73)] ReadMemory at 0x7ffa422e0000 of 64 bytes failed: Only part of a ReadProcessMemory or WriteProcessMemory request was completed. (0x12B)
[0912/160527.733:WARNING:pe_image_reader.cc(340)] could not read dos header from C:\WINDOWS\System32\KERNELBASE.dll
[0912/160527.733:ERROR:process_memory_win.cc(73)] ReadMemory at 0x7ffa1c950000 of 64 bytes failed: Only part of a ReadProcessMemory or WriteProcessMemory request was completed. (0x12B)
[0912/160527.733:WARNING:pe_image_reader.cc(340)] could not read dos header from C:\Program Files (x86)\Google\Chrome\Application\85.0.4183.102\chrome_elf.dll
[0912/160527.733:ERROR:process_memory_win.cc(73)] ReadMemory at 0x7ffa36090000 of 64 bytes failed: Only part of a ReadProcessMemory or WriteProcessMemory request was completed. (0x12B)
[0912/160527.733:WARNING:pe_image_reader.cc(340)] could not read dos header from C:\WINDOWS\SYSTEM32\VERSION.dll
[0912/160527.733:ERROR:process_memory_win.cc(73)] ReadMemory at 0x7ffa438e0000 of 64 bytes failed: Only part of a ReadProcessMemory or WriteProcessMemory request was completed. (0x12B)
[0912/160527.733:WARNING:pe_image_reader.cc(340)] could not read dos header from C:\WINDOWS\System32\msvcrt.dll
[0912/160527.733:ERROR:process_memory_win.cc(73)] ReadMemory at 0x7ffa417d0000 of 64 bytes failed: Only part of a ReadProcessMemory or WriteProcessMemory request was completed. (0x12B)
[0912/160527.733:WARNING:pe_image_reader.cc(340)] could not read dos header from C:\WINDOWS\System32\bcryptPrimitives.dll
[0912/160527.733:ERROR:process_memory_win.cc(73)] ReadMemory at 0x172aef20000 of 64 bytes failed: Only part of a ReadProcessMemory or WriteProcessMemory request was completed. (0x12B)
[0912/160527.733:WARNING:pe_image_reader.cc(340)] could not read dos header from C:\WINDOWS\System32\ADVAPI32.dll
[0912/160527.733:ERROR:process_memory_win.cc(73)] ReadMemory at 0x7ffa42df0000 of 64 bytes failed: Only part of a ReadProcessMemory or WriteProcessMemory request was completed. (0x12B)
[0912/160527.733:WARNING:pe_image_reader.cc(340)] could not read dos header from C:\WINDOWS\System32\sechost.dll
[0912/160527.733:ERROR:process_memory_win.cc(73)] ReadMemory at 0x7ffa439e0000 of 64 bytes failed: Only part of a ReadProcessMemory or WriteProcessMemory request was completed. (0x12B)
[0912/160527.733:WARNING:pe_image_reader.cc(340)] could not read dos header from C:\WINDOWS\System32\RPCRT4.dll
[0912/160527.733:ERROR:process_memory_win.cc(73)] ReadMemory at 0x7ff9ef2a0000 of 64 bytes failed: Only part of a ReadProcessMemory or WriteProcessMemory request was completed. (0x12B)
[0912/160527.733:WARNING:pe_image_reader.cc(340)] could not read dos header from C:\Program Files (x86)\Google\Chrome\Application\85.0.4183.102\chrome.dll
[0912/160527.733:ERROR:process_memory_win.cc(73)] ReadMemory at 0x7ffa43fc0000 of 64 bytes failed: Only part of a ReadProcessMemory or WriteProcessMemory request was completed. (0x12B)
[0912/160527.733:WARNING:pe_image_reader.cc(340)] could not read dos header from C:\WINDOWS\System32\WS2_32.dll
[0912/160527.733:ERROR:process_memory_win.cc(73)] ReadMemory at 0x7ffa44360000 of 64 bytes failed: Only part of a ReadProcessMemory or WriteProcessMemory request was completed. (0x12B)
[0912/160527.733:WARNING:pe_image_reader.cc(340)] could not read dos header from C:\WINDOWS\System32\OLEAUT32.dll
[0912/160527.733:ERROR:process_memory_win.cc(73)] ReadMemory at 0x7ffa414d0000 of 64 bytes failed: Only part of a ReadProcessMemory or WriteProcessMemory request was completed. (0x12B)
[0912/160527.733:WARNING:pe_image_reader.cc(340)] could not read dos header from C:\WINDOWS\System32\msvcp_win.dll
[0912/160527.733:ERROR:process_memory_win.cc(73)] ReadMemory at 0x7ffa41ff0000 of 64 bytes failed: Only part of a ReadProcessMemory or WriteProcessMemory request was completed. (0x12B)
[0912/160527.733:WARNING:pe_image_reader.cc(340)] could not read dos header from C:\WINDOWS\System32\ucrtbase.dll
[0912/160527.733:ERROR:process_memory_win.cc(73)] ReadMemory at 0x7ffa43c80000 of 64 bytes failed: Only part of a ReadProcessMemory or WriteProcessMemory request was completed. (0x12B)
[0912/160527.733:WARNING:pe_image_reader.cc(340)] could not read dos header from C:\WINDOWS\System32\combase.dll
[0912/160527.733:ERROR:process_memory_win.cc(73)] ReadMemory at 0x7ffa42590000 of 64 bytes failed: Only part of a ReadProcessMemory or WriteProcessMemory request was completed. (0x12B)
[0912/160527.733:WARNING:pe_image_reader.cc(340)] could not read dos header from C:\WINDOWS\System32\WINTRUST.dll
[0912/160527.733:ERROR:process_memory_win.cc(73)] ReadMemory at 0x7ffa41430000 of 64 bytes failed: Only part of a ReadProcessMemory or WriteProcessMemory request was completed. (0x12B)
[0912/160527.733:WARNING:pe_image_reader.cc(340)] could not read dos header from C:\WINDOWS\System32\MSASN1.dll
[0912/160527.733:ERROR:process_memory_win.cc(73)] ReadMemory at 0x7ffa41680000 of 64 bytes failed: Only part of a ReadProcessMemory or WriteProcessMemory request was completed. (0x12B)
[0912/160527.733:WARNING:pe_image_reader.cc(340)] could not read dos header from C:\WINDOWS\System32\CRYPT32.dll
[0912/160527.733:ERROR:process_memory_win.cc(73)] ReadMemory at 0x7ffa40660000 of 64 bytes failed: Only part of a ReadProcessMemory or WriteProcessMemory request was completed. (0x12B)
[0912/160527.733:WARNING:pe_image_reader.cc(340)] could not read dos header from C:\WINDOWS\SYSTEM32\IPHLPAPI.DLL
[0912/160527.733:ERROR:process_memory_win.cc(73)] ReadMemory at 0x7ffa3e050000 of 64 bytes failed: Only part of a ReadProcessMemory or WriteProcessMemory request was completed. (0x12B)
[0912/160527.733:WARNING:pe_image_reader.cc(340)] could not read dos header from C:\WINDOWS\SYSTEM32\WINMM.dll
[0912/160527.733:ERROR:process_memory_win.cc(73)] ReadMemory at 0x7ffa24c20000 of 64 bytes failed: Only part of a ReadProcessMemory or WriteProcessMemory request was completed. (0x12B)
[0912/160527.733:WARNING:pe_image_reader.cc(340)] could not read dos header from C:\WINDOWS\SYSTEM32\UIAutomationCore.DLL
[0912/160527.733:ERROR:process_memory_win.cc(73)] ReadMemory at 0x7ffa2af80000 of 64 bytes failed: Only part of a ReadProcessMemory or WriteProcessMemory request was completed. (0x12B)
[0912/160527.733:WARNING:pe_image_reader.cc(340)] could not read dos header from C:\WINDOWS\SYSTEM32\Secur32.dll
[0912/160527.733:ERROR:process_memory_win.cc(73)] ReadMemory at 0x7ffa41320000 of 64 bytes failed: Only part of a ReadProcessMemory or WriteProcessMemory request was completed. (0x12B)
[0912/160527.733:WARNING:pe_image_reader.cc(340)] could not read dos header from C:\WINDOWS\SYSTEM32\USERENV.dll
[0912/160527.733:ERROR:process_memory_win.cc(73)] ReadMemory at 0x7ffa414a0000 of 64 bytes failed: Only part of a ReadProcessMemory or WriteProcessMemory request was completed. (0x12B)
[0912/160527.733:WARNING:pe_image_reader.cc(340)] could not read dos header from C:\WINDOWS\System32\profapi.dll
[0912/160527.733:ERROR:process_memory_win.cc(73)] ReadMemory at 0x7ffa31240000 of 64 bytes failed: Only part of a ReadProcessMemory or WriteProcessMemory request was completed. (0x12B)
[0912/160527.733:WARNING:pe_image_reader.cc(340)] could not read dos header from C:\WINDOWS\SYSTEM32\DWrite.dll
[0912/160527.733:ERROR:process_memory_win.cc(73)] ReadMemory at 0x7ffa3b5a0000 of 64 bytes failed: Only part of a ReadProcessMemory or WriteProcessMemory request was completed. (0x12B)
[0912/160527.733:WARNING:pe_image_reader.cc(340)] could not read dos header from C:\WINDOWS\SYSTEM32\WINSPOOL.DRV
[0912/160527.733:ERROR:process_memory_win.cc(73)] ReadMemory at 0x7ffa41410000 of 64 bytes failed: Only part of a ReadProcessMemory or WriteProcessMemory request was completed. (0x12B)
[0912/160527.733:WARNING:pe_image_reader.cc(340)] could not read dos header from C:\WINDOWS\System32\kernel.appcore.dll
[0912/160527.733:ERROR:process_memory_win.cc(73)] ReadMemory at 0x7ffa41650000 of 64 bytes failed: Only part of a ReadProcessMemory or WriteProcessMemory request was completed. (0x12B)
[0912/160527.733:WARNING:pe_image_reader.cc(340)] could not read dos header from C:\WINDOWS\System32\bcrypt.dll
[0912/160527.733:ERROR:process_memory_win.cc(73)] ReadMemory at 0x7ffa40f20000 of 64 bytes failed: Only part of a ReadProcessMemory or WriteProcessMemory request was completed. (0x12B)
[0912/160527.733:WARNING:pe_image_reader.cc(340)] could not read dos header from C:\WINDOWS\SYSTEM32\dbghelp.dll
[0912/160527.733:ERROR:process_memory_win.cc(73)] ReadMemory at 0x7ffa35670000 of 64 bytes failed: Only part of a ReadProcessMemory or WriteProcessMemory request was completed. (0x12B)
[0912/160527.733:WARNING:pe_image_reader.cc(340)] could not read dos header from C:\WINDOWS\SYSTEM32\WINHTTP.dll
[0912/160527.733:ERROR:process_memory_win.cc(73)] ReadMemory at 0x7ffa36000000 of 64 bytes failed: Only part of a ReadProcessMemory or WriteProcessMemory request was completed. (0x12B)
[0912/160527.733:WARNING:pe_image_reader.cc(340)] could not read dos header from C:\WINDOWS\SYSTEM32\dhcpcsvc.DLL
[0912/160527.737:ERROR:process_memory_win.cc(73)] ReadMemory at 0x7ffa43c70000 of 64 bytes failed: Only part of a ReadProcessMemory or WriteProcessMemory request was completed. (0x12B)
[0912/160527.737:WARNING:pe_image_reader.cc(340)] could not read dos header from C:\WINDOWS\System32\NSI.dll
[0912/160527.737:ERROR:process_memory_win.cc(73)] ReadMemory at 0x7ffa3e020000 of 64 bytes failed: Only part of a ReadProcessMemory or WriteProcessMemory request was completed. (0x12B)
[0912/160527.737:WARNING:pe_image_reader.cc(340)] could not read dos header from C:\WINDOWS\SYSTEM32\WINMMBASE.dll
[0912/160527.737:ERROR:process_memory_win.cc(73)] ReadMemory at 0x7ffa420f0000 of 64 bytes failed: Only part of a ReadProcessMemory or WriteProcessMemory request was completed. (0x12B)
[0912/160527.737:WARNING:pe_image_reader.cc(340)] could not read dos header from C:\WINDOWS\System32\cfgmgr32.dll
[0912/160527.737:ERROR:process_memory_win.cc(73)] ReadMemory at 0x7ffa3d0c0000 of 64 bytes failed: Only part of a ReadProcessMemory or WriteProcessMemory request was completed. (0x12B)
[0912/160527.737:WARNING:pe_image_reader.cc(340)] could not read dos header from C:\WINDOWS\SYSTEM32\PROPSYS.dll
[0912/160527.737:ERROR:process_memory_win.cc(73)] ReadMemory at 0x7ffa42f50000 of 64 bytes failed: Only part of a ReadProcessMemory or WriteProcessMemory request was completed. (0x12B)
[0912/160527.737:WARNING:pe_image_reader.cc(340)] could not read dos header from C:\WINDOWS\System32\shcore.dll
[0912/160527.737:ERROR:process_memory_win.cc(73)] ReadMemory at 0x7ffa412f0000 of 64 bytes failed: Only part of a ReadProcessMemory or WriteProcessMemory request was completed. (0x12B)
[0912/160527.737:WARNING:pe_image_reader.cc(340)] could not read dos header from C:\WINDOWS\SYSTEM32\SSPICLI.DLL
[0912/160527.737:ERROR:process_memory_win.cc(73)] ReadMemory at 0x7ffa40b20000 of 64 bytes failed: Only part of a ReadProcessMemory or WriteProcessMemory request was completed. (0x12B)
[0912/160527.737:WARNING:pe_image_reader.cc(340)] could not read dos header from C:\WINDOWS\SYSTEM32\CRYPTBASE.DLL
[0912/160527.737:ERROR:process_memory_win.cc(73)] ReadMemory at 0x7ff784c50000 of 64 bytes failed: Only part of a ReadProcessMemory or WriteProcessMemory request was completed. (0x12B)
[0912/160527.741:WARNING:pe_image_reader.cc(340)] could not read dos header from C:\Program Files (x86)\Google\Chrome\Application\chrome.exe
[0912/160527.741:ERROR:process_memory_win.cc(73)] ReadMemory at 0x7ffa44540000 of 64 bytes failed: Only part of a ReadProcessMemory or WriteProcessMemory request was completed. (0x12B)
[0912/160527.741:WARNING:pe_image_reader.cc(340)] could not read dos header from C:\WINDOWS\SYSTEM32\ntdll.dll
[0912/160527.741:ERROR:process_memory_win.cc(73)] ReadMemory at 0x7ffa43b00000 of 64 bytes failed: Only part of a ReadProcessMemory or WriteProcessMemory request was completed. (0x12B)
[0912/160527.741:WARNING:pe_image_reader.cc(340)] could not read dos header from C:\WINDOWS\System32\KERNEL32.DLL
[0912/160527.741:ERROR:process_memory_win.cc(73)] ReadMemory at 0x7ffa422e0000 of 64 bytes failed: Only part of a ReadProcessMemory or WriteProcessMemory request was completed. (0x12B)
[0912/160527.741:WARNING:pe_image_reader.cc(340)] could not read dos header from C:\WINDOWS\System32\KERNELBASE.dll
[0912/160527.741:ERROR:process_memory_win.cc(73)] ReadMemory at 0x7ffa1c950000 of 64 bytes failed: Only part of a ReadProcessMemory or WriteProcessMemory request was completed. (0x12B)
[0912/160527.741:WARNING:pe_image_reader.cc(340)] could not read dos header from C:\Program Files (x86)\Google\Chrome\Application\85.0.4183.102\chrome_elf.dll
[0912/160527.741:ERROR:process_memory_win.cc(73)] ReadMemory at 0x7ffa36090000 of 64 bytes failed: Only part of a ReadProcessMemory or WriteProcessMemory request was completed. (0x12B)
[0912/160527.741:WARNING:pe_image_reader.cc(340)] could not read dos header from C:\WINDOWS\SYSTEM32\VERSION.dll
[0912/160527.741:ERROR:process_memory_win.cc(73)] ReadMemory at 0x7ffa438e0000 of 64 bytes failed: Only part of a ReadProcessMemory or WriteProcessMemory request was completed. (0x12B)
[0912/160527.741:WARNING:pe_image_reader.cc(340)] could not read dos header from C:\WINDOWS\System32\msvcrt.dll
[0912/160527.741:ERROR:process_memory_win.cc(73)] ReadMemory at 0x7ffa417d0000 of 64 bytes failed: Only part of a ReadProcessMemory or WriteProcessMemory request was completed. (0x12B)
[0912/160527.741:WARNING:pe_image_reader.cc(340)] could not read dos header from C:\WINDOWS\System32\bcryptPrimitives.dll
[0912/160527.741:ERROR:process_memory_win.cc(73)] ReadMemory at 0x172aef20000 of 64 bytes failed: Only part of a ReadProcessMemory or WriteProcessMemory request was completed. (0x12B)
[0912/160527.741:WARNING:pe_image_reader.cc(340)] could not read dos header from C:\WINDOWS\System32\ADVAPI32.dll
[0912/160527.741:ERROR:process_memory_win.cc(73)] ReadMemory at 0x7ffa42df0000 of 64 bytes failed: Only part of a ReadProcessMemory or WriteProcessMemory request was completed. (0x12B)
[0912/160527.741:WARNING:pe_image_reader.cc(340)] could not read dos header from C:\WINDOWS\System32\sechost.dll
[0912/160527.741:ERROR:process_memory_win.cc(73)] ReadMemory at 0x7ffa439e0000 of 64 bytes failed: Only part of a ReadProcessMemory or WriteProcessMemory request was completed. (0x12B)
[0912/160527.741:WARNING:pe_image_reader.cc(340)] could not read dos header from C:\WINDOWS\System32\RPCRT4.dll
[0912/160527.741:ERROR:process_memory_win.cc(73)] ReadMemory at 0x7ff9ef2a0000 of 64 bytes failed: Only part of a ReadProcessMemory or WriteProcessMemory request was completed. (0x12B)
[0912/160527.741:WARNING:pe_image_reader.cc(340)] could not read dos header from C:\Program Files (x86)\Google\Chrome\Application\85.0.4183.102\chrome.dll
[0912/160527.741:ERROR:process_memory_win.cc(73)] ReadMemory at 0x7ffa43fc0000 of 64 bytes failed: Only part of a ReadProcessMemory or WriteProcessMemory request was completed. (0x12B)
[0912/160527.741:WARNING:pe_image_reader.cc(340)] could not read dos header from C:\WINDOWS\System32\WS2_32.dll
[0912/160527.741:ERROR:process_memory_win.cc(73)] ReadMemory at 0x7ffa44360000 of 64 bytes failed: Only part of a ReadProcessMemory or WriteProcessMemory request was completed. (0x12B)
[0912/160527.741:WARNING:pe_image_reader.cc(340)] could not read dos header from C:\WINDOWS\System32\OLEAUT32.dll
[0912/160527.741:ERROR:process_memory_win.cc(73)] ReadMemory at 0x7ffa414d0000 of 64 bytes failed: Only part of a ReadProcessMemory or WriteProcessMemory request was completed. (0x12B)
[0912/160527.741:WARNING:pe_image_reader.cc(340)] could not read dos header from C:\WINDOWS\System32\msvcp_win.dll
[0912/160527.741:ERROR:process_memory_win.cc(73)] ReadMemory at 0x7ffa41ff0000 of 64 bytes failed: Only part of a ReadProcessMemory or WriteProcessMemory request was completed. (0x12B)
[0912/160527.741:WARNING:pe_image_reader.cc(340)] could not read dos header from C:\WINDOWS\System32\ucrtbase.dll
[0912/160527.741:ERROR:process_memory_win.cc(73)] ReadMemory at 0x7ffa43c80000 of 64 bytes failed: Only part of a ReadProcessMemory or WriteProcessMemory request was completed. (0x12B)
[0912/160527.741:WARNING:pe_image_reader.cc(340)] could not read dos header from C:\WINDOWS\System32\combase.dll
[0912/160527.741:ERROR:process_memory_win.cc(73)] ReadMemory at 0x7ffa42590000 of 64 bytes failed: Only part of a ReadProcessMemory or WriteProcessMemory request was completed. (0x12B)
[0912/160527.741:WARNING:pe_image_reader.cc(340)] could not read dos header from C:\WINDOWS\System32\WINTRUST.dll
[0912/160527.741:ERROR:process_memory_win.cc(73)] ReadMemory at 0x7ffa41430000 of 64 bytes failed: Only part of a ReadProcessMemory or WriteProcessMemory request was completed. (0x12B)
[0912/160527.741:WARNING:pe_image_reader.cc(340)] could not read dos header from C:\WINDOWS\System32\MSASN1.dll
[0912/160527.741:ERROR:process_memory_win.cc(73)] ReadMemory at 0x7ffa41680000 of 64 bytes failed: Only part of a ReadProcessMemory or WriteProcessMemory request was completed. (0x12B)
[0912/160527.741:WARNING:pe_image_reader.cc(340)] could not read dos header from C:\WINDOWS\System32\CRYPT32.dll
[0912/160527.741:ERROR:process_memory_win.cc(73)] ReadMemory at 0x7ffa40660000 of 64 bytes failed: Only part of a ReadProcessMemory or WriteProcessMemory request was completed. (0x12B)
[0912/160527.741:WARNING:pe_image_reader.cc(340)] could not read dos header from C:\WINDOWS\SYSTEM32\IPHLPAPI.DLL
[0912/160527.741:ERROR:process_memory_win.cc(73)] ReadMemory at 0x7ffa3e050000 of 64 bytes failed: Only part of a ReadProcessMemory or WriteProcessMemory request was completed. (0x12B)
[0912/160527.741:WARNING:pe_image_reader.cc(340)] could not read dos header from C:\WINDOWS\SYSTEM32\WINMM.dll
[0912/160527.741:ERROR:process_memory_win.cc(73)] ReadMemory at 0x7ffa24c20000 of 64 bytes failed: Only part of a ReadProcessMemory or WriteProcessMemory request was completed. (0x12B)
[0912/160527.741:WARNING:pe_image_reader.cc(340)] could not read dos header from C:\WINDOWS\SYSTEM32\UIAutomationCore.DLL
[0912/160527.741:ERROR:process_memory_win.cc(73)] ReadMemory at 0x7ffa2af80000 of 64 bytes failed: Only part of a ReadProcessMemory or WriteProcessMemory request was completed. (0x12B)
[0912/160527.741:WARNING:pe_image_reader.cc(340)] could not read dos header from C:\WINDOWS\SYSTEM32\Secur32.dll
[0912/160527.741:ERROR:process_memory_win.cc(73)] ReadMemory at 0x7ffa41320000 of 64 bytes failed: Only part of a ReadProcessMemory or WriteProcessMemory request was completed. (0x12B)
[0912/160527.741:WARNING:pe_image_reader.cc(340)] could not read dos header from C:\WINDOWS\SYSTEM32\USERENV.dll
[0912/160527.741:ERROR:process_memory_win.cc(73)] ReadMemory at 0x7ffa414a0000 of 64 bytes failed: Only part of a ReadProcessMemory or WriteProcessMemory request was completed. (0x12B)
[0912/160527.741:WARNING:pe_image_reader.cc(340)] could not read dos header from C:\WINDOWS\System32\profapi.dll
[0912/160527.741:ERROR:process_memory_win.cc(73)] ReadMemory at 0x7ffa31240000 of 64 bytes failed: Only part of a ReadProcessMemory or WriteProcessMemory request was completed. (0x12B)
[0912/160527.741:WARNING:pe_image_reader.cc(340)] could not read dos header from C:\WINDOWS\SYSTEM32\DWrite.dll
[0912/160527.741:ERROR:process_memory_win.cc(73)] ReadMemory at 0x7ffa3b5a0000 of 64 bytes failed: Only part of a ReadProcessMemory or WriteProcessMemory request was completed. (0x12B)
[0912/160527.741:WARNING:pe_image_reader.cc(340)] could not read dos header from C:\WINDOWS\SYSTEM32\WINSPOOL.DRV
[0912/160527.741:ERROR:process_memory_win.cc(73)] ReadMemory at 0x7ffa41410000 of 64 bytes failed: Only part of a ReadProcessMemory or WriteProcessMemory request was completed. (0x12B)
[0912/160527.741:WARNING:pe_image_reader.cc(340)] could not read dos header from C:\WINDOWS\System32\kernel.appcore.dll
[0912/160527.741:ERROR:process_memory_win.cc(73)] ReadMemory at 0x7ffa41650000 of 64 bytes failed: Only part of a ReadProcessMemory or WriteProcessMemory request was completed. (0x12B)
[0912/160527.741:WARNING:pe_image_reader.cc(340)] could not read dos header from C:\WINDOWS\System32\bcrypt.dll
[0912/160527.741:ERROR:process_memory_win.cc(73)] ReadMemory at 0x7ffa40f20000 of 64 bytes failed: Only part of a ReadProcessMemory or WriteProcessMemory request was completed. (0x12B)
[0912/160527.741:WARNING:pe_image_reader.cc(340)] could not read dos header from C:\WINDOWS\SYSTEM32\dbghelp.dll
[0912/160527.741:ERROR:process_memory_win.cc(73)] ReadMemory at 0x7ffa35670000 of 64 bytes failed: Only part of a ReadProcessMemory or WriteProcessMemory request was completed. (0x12B)
[0912/160527.741:WARNING:pe_image_reader.cc(340)] could not read dos header from C:\WINDOWS\SYSTEM32\WINHTTP.dll
[0912/160527.741:ERROR:process_memory_win.cc(73)] ReadMemory at 0x7ffa36000000 of 64 bytes failed: Only part of a ReadProcessMemory or WriteProcessMemory request was completed. (0x12B)
[0912/160527.741:WARNING:pe_image_reader.cc(340)] could not read dos header from C:\WINDOWS\SYSTEM32\dhcpcsvc.DLL
[0912/160527.745:ERROR:process_memory_win.cc(73)] ReadMemory at 0x7ffa43c70000 of 64 bytes failed: Only part of a ReadProcessMemory or WriteProcessMemory request was completed. (0x12B)
[0912/160527.745:WARNING:pe_image_reader.cc(340)] could not read dos header from C:\WINDOWS\System32\NSI.dll
[0912/160527.745:ERROR:process_memory_win.cc(73)] ReadMemory at 0x7ffa3e020000 of 64 bytes failed: Only part of a ReadProcessMemory or WriteProcessMemory request was completed. (0x12B)
[0912/160527.745:WARNING:pe_image_reader.cc(340)] could not read dos header from C:\WINDOWS\SYSTEM32\WINMMBASE.dll
[0912/160527.745:ERROR:process_memory_win.cc(73)] ReadMemory at 0x7ffa420f0000 of 64 bytes failed: Only part of a ReadProcessMemory or WriteProcessMemory request was completed. (0x12B)
[0912/160527.745:WARNING:pe_image_reader.cc(340)] could not read dos header from C:\WINDOWS\System32\cfgmgr32.dll
[0912/160527.745:ERROR:process_memory_win.cc(73)] ReadMemory at 0x7ffa3d0c0000 of 64 bytes failed: Only part of a ReadProcessMemory or WriteProcessMemory request was completed. (0x12B)
[0912/160527.745:WARNING:pe_image_reader.cc(340)] could not read dos header from C:\WINDOWS\SYSTEM32\PROPSYS.dll
[0912/160527.745:ERROR:process_memory_win.cc(73)] ReadMemory at 0x7ffa42f50000 of 64 bytes failed: Only part of a ReadProcessMemory or WriteProcessMemory request was completed. (0x12B)
[0912/160527.745:WARNING:pe_image_reader.cc(340)] could not read dos header from C:\WINDOWS\System32\shcore.dll
[0912/160527.745:ERROR:process_memory_win.cc(73)] ReadMemory at 0x7ffa412f0000 of 64 bytes failed: Only part of a ReadProcessMemory or WriteProcessMemory request was completed. (0x12B)
[0912/160527.745:WARNING:pe_image_reader.cc(340)] could not read dos header from C:\WINDOWS\SYSTEM32\SSPICLI.DLL
[0912/160527.745:ERROR:process_memory_win.cc(73)] ReadMemory at 0x7ffa40b20000 of 64 bytes failed: Only part of a ReadProcessMemory or WriteProcessMemory request was completed. (0x12B)
[0912/160527.745:WARNING:pe_image_reader.cc(340)] could not read dos header from C:\WINDOWS\SYSTEM32\CRYPTBASE.DLL
[0912/160528.366:ERROR:process_memory_win.cc(73)] ReadMemory at 0x667d3eb000 of 86016 bytes failed: Only part of a ReadProcessMemory or WriteProcessMemory request was completed. (0x12B)
[0912/160528.366:ERROR:process_memory_win.cc(73)] ReadMemory at 0x667dbfd000 of 12288 bytes failed: Only part of a ReadProcessMemory or WriteProcessMemory request was completed. (0x12B)
[0912/160528.366:ERROR:process_memory_win.cc(73)] ReadMemory at 0x667ebfc000 of 16384 bytes failed: Only part of a ReadProcessMemory or WriteProcessMemory request was completed. (0x12B)
[0912/160528.366:ERROR:process_memory_win.cc(73)] ReadMemory at 0x667f3fc000 of 16384 bytes failed: Only part of a ReadProcessMemory or WriteProcessMemory request was completed. (0x12B)
[0912/160528.366:ERROR:process_memory_win.cc(73)] ReadMemory at 0x667fbfe000 of 8192 bytes failed: Only part of a ReadProcessMemory or WriteProcessMemory request was completed. (0x12B)
[0912/160528.366:ERROR:process_memory_win.cc(73)] ReadMemory at 0x66007fd000 of 12288 bytes failed: Only part of a ReadProcessMemory or WriteProcessMemory request was completed. (0x12B)
[0912/160528.366:ERROR:process_memory_win.cc(73)] ReadMemory at 0x6600ffc000 of 16384 bytes failed: Only part of a ReadProcessMemory or WriteProcessMemory request was completed. (0x12B)
[0912/160528.366:ERROR:process_memory_win.cc(73)] ReadMemory at 0x66017fd000 of 12288 bytes failed: Only part of a ReadProcessMemory or WriteProcessMemory request was completed. (0x12B)
[0912/160528.370:ERROR:process_memory_win.cc(73)] ReadMemory at 0x6601ffc000 of 16384 bytes failed: Only part of a ReadProcessMemory or WriteProcessMemory request was completed. (0x12B)
[0912/160528.370:ERROR:process_memory_win.cc(73)] ReadMemory at 0x66027fb000 of 20480 bytes failed: Only part of a ReadProcessMemory or WriteProcessMemory request was completed. (0x12B)
[0912/160528.370:ERROR:process_memory_win.cc(73)] ReadMemory at 0x6602ffc000 of 16384 bytes failed: Only part of a ReadProcessMemory or WriteProcessMemory request was completed. (0x12B)
[0912/160528.370:ERROR:process_memory_win.cc(73)] ReadMemory at 0x66037fd000 of 12288 bytes failed: Only part of a ReadProcessMemory or WriteProcessMemory request was completed. (0x12B)
[0912/160528.370:ERROR:process_memory_win.cc(73)] ReadMemory at 0x6603ff9000 of 28672 bytes failed: Only part of a ReadProcessMemory or WriteProcessMemory request was completed. (0x12B)
[0912/160528.374:ERROR:process_memory_win.cc(73)] ReadMemory at 0x66047fc000 of 16384 bytes failed: Only part of a ReadProcessMemory or WriteProcessMemory request was completed. (0x12B)
[0912/160528.374:ERROR:process_memory_win.cc(73)] ReadMemory at 0x6604ffc000 of 16384 bytes failed: Only part of a ReadProcessMemory or WriteProcessMemory request was completed. (0x12B)
[0912/160528.374:ERROR:process_memory_win.cc(73)] ReadMemory at 0x66057ff000 of 4096 bytes failed: Only part of a ReadProcessMemory or WriteProcessMemory request was completed. (0x12B)
[0912/160528.458:ERROR:process_memory_win.cc(73)] ReadMemory at 0x667ca02000 of 6024 bytes failed: Only part of a ReadProcessMemory or WriteProcessMemory request was completed. (0x12B)
[0912/160528.458:ERROR:process_memory_win.cc(73)] ReadMemory at 0x667ca3e000 of 6024 bytes failed: Only part of a ReadProcessMemory or WriteProcessMemory request was completed. (0x12B)
[0912/160528.458:ERROR:process_memory_win.cc(73)] ReadMemory at 0x667ca4a000 of 6024 bytes failed: Only part of a ReadProcessMemory or WriteProcessMemory request was completed. (0x12B)
[0912/160528.458:ERROR:process_memory_win.cc(73)] ReadMemory at 0x667ca4c000 of 6024 bytes failed: Only part of a ReadProcessMemory or WriteProcessMemory request was completed. (0x12B)
[0912/160528.458:ERROR:process_memory_win.cc(73)] ReadMemory at 0x667ca4e000 of 6024 bytes failed: Only part of a ReadProcessMemory or WriteProcessMemory request was completed. (0x12B)
[0912/160528.458:ERROR:process_memory_win.cc(73)] ReadMemory at 0x667cbe2000 of 852 bytes failed: Only part of a ReadProcessMemory or WriteProcessMemory request was completed. (0x12B)
[0912/160528.458:ERROR:process_memory_win.cc(73)] ReadMemory at 0x667cbe3000 of 6024 bytes failed: Only part of a ReadProcessMemory or WriteProcessMemory request was completed. (0x12B)
[0912/160528.458:ERROR:process_memory_win.cc(73)] ReadMemory at 0x667cbe5000 of 6024 bytes failed: Only part of a ReadProcessMemory or WriteProcessMemory request was completed. (0x12B)
[0912/160528.458:ERROR:process_memory_win.cc(73)] ReadMemory at 0x667cbe9000 of 6024 bytes failed: Only part of a ReadProcessMemory or WriteProcessMemory request was completed. (0x12B)
[0912/160528.458:ERROR:process_memory_win.cc(73)] ReadMemory at 0x667cbeb000 of 6024 bytes failed: Only part of a ReadProcessMemory or WriteProcessMemory request was completed. (0x12B)
[0912/160528.458:ERROR:process_memory_win.cc(73)] ReadMemory at 0x667cbed000 of 6024 bytes failed: Only part of a ReadProcessMemory or WriteProcessMemory request was completed. (0x12B)
[0912/160528.458:ERROR:process_memory_win.cc(73)] ReadMemory at 0x667cbef000 of 6024 bytes failed: Only part of a ReadProcessMemory or WriteProcessMemory request was completed. (0x12B)
[0912/160528.458:ERROR:process_memory_win.cc(73)] ReadMemory at 0x667cbf1000 of 6024 bytes failed: Only part of a ReadProcessMemory or WriteProcessMemory request was completed. (0x12B)
[0912/160528.458:ERROR:process_memory_win.cc(73)] ReadMemory at 0x667cbf3000 of 6024 bytes failed: Only part of a ReadProcessMemory or WriteProcessMemory request was completed. (0x12B)
[0912/160528.458:ERROR:process_memory_win.cc(73)] ReadMemory at 0x667cbf5000 of 6024 bytes failed: Only part of a ReadProcessMemory or WriteProcessMemory request was completed. (0x12B)
[0912/160528.458:ERROR:process_memory_win.cc(73)] ReadMemory at 0x667cbf7000 of 6024 bytes failed: Only part of a ReadProcessMemory or WriteProcessMemory request was completed. (0x12B)
[0912/160528.458:ERROR:process_memory_win.cc(73)] ReadMemory at 0x667cbf9000 of 6024 bytes failed: Only part of a ReadProcessMemory or WriteProcessMemory request was completed. (0x12B)
[0912/160528.458:ERROR:process_memory_win.cc(73)] ReadMemory at 0x172aed00e80 of 512 bytes failed: Only part of a ReadProcessMemory or WriteProcessMemory request was completed. (0x12B)
[0912/160528.458:ERROR:process_memory_win.cc(73)] ReadMemory at 0x172aed50fe0 of 4752 bytes failed: Only part of a ReadProcessMemory or WriteProcessMemory request was completed. (0x12B)
[0912/160528.486:ERROR:process_memory_win.cc(73)] ReadMemory at 0x172aed52280 of 1012 bytes failed: Only part of a ReadProcessMemory or WriteProcessMemory request was completed. (0x12B)
[0912/160528.486:ERROR:process_memory_win.cc(73)] ReadMemory at 0x172aed528c8 of 118 bytes failed: Only part of a ReadProcessMemory or WriteProcessMemory request was completed. (0x12B)
[0912/160528.486:ERROR:process_memory_win.cc(73)] ReadMemory at 0x172aed52940 of 846 bytes failed: Only part of a ReadProcessMemory or WriteProcessMemory request was completed. (0x12B)
[0912/160528.486:ERROR:process_memory_win.cc(73)] ReadMemory at 0x172aed52c90 of 118 bytes failed: Only part of a ReadProcessMemory or WriteProcessMemory request was completed. (0x12B)
[0912/160528.486:ERROR:process_memory_win.cc(73)] ReadMemory at 0x172aed52d08 of 102 bytes failed: Only part of a ReadProcessMemory or WriteProcessMemory request was completed. (0x12B)
[0912/160528.486:ERROR:process_memory_win.cc(73)] ReadMemory at 0x172aed52d80 of 58 bytes failed: Only part of a ReadProcessMemory or WriteProcessMemory request was completed. (0x12B)
[0912/160528.486:ERROR:process_memory_win.cc(73)] ReadMemory at 0x172aed52e80 of 132 bytes failed: Only part of a ReadProcessMemory or WriteProcessMemory request was completed. (0x12B)
[0912/160528.486:ERROR:process_memory_win.cc(73)] ReadMemory at 0x172aed53010 of 132 bytes failed: Only part of a ReadProcessMemory or WriteProcessMemory request was completed. (0x12B)
[0912/160528.486:ERROR:process_memory_win.cc(73)] ReadMemory at 0x172aed531d0 of 126 bytes failed: Only part of a ReadProcessMemory or WriteProcessMemory request was completed. (0x12B)
[0912/160528.486:ERROR:process_memory_win.cc(73)] ReadMemory at 0x172aed535b0 of 132 bytes failed: Only part of a ReadProcessMemory or WriteProcessMemory request was completed. (0x12B)
[0912/160528.486:ERROR:process_memory_win.cc(73)] ReadMemory at 0x172aed53740 of 64 bytes failed: Only part of a ReadProcessMemory or WriteProcessMemory request was completed. (0x12B)
[0912/160528.486:ERROR:process_memory_win.cc(73)] ReadMemory at 0x172aed53790 of 132 bytes failed: Only part of a ReadProcessMemory or WriteProcessMemory request was completed. (0x12B)
[0912/160528.486:ERROR:process_memory_win.cc(73)] ReadMemory at 0x172aed538c0 of 132 bytes failed: Only part of a ReadProcessMemory or WriteProcessMemory request was completed. (0x12B)
[0912/160528.486:ERROR:process_memory_win.cc(73)] ReadMemory at 0x172aed53ba0 of 132 bytes failed: Only part of a ReadProcessMemory or WriteProcessMemory request was completed. (0x12B)
[0912/160528.486:ERROR:process_memory_win.cc(73)] ReadMemory at 0x172aed53d30 of 68 bytes failed: Only part of a ReadProcessMemory or WriteProcessMemory request was completed. (0x12B)
[0912/160528.490:ERROR:process_memory_win.cc(73)] ReadMemory at 0x172aed54f90 of 154 bytes failed: Only part of a ReadProcessMemory or WriteProcessMemory request was completed. (0x12B)
[0912/160528.490:ERROR:process_memory_win.cc(73)] ReadMemory at 0x172aed55d70 of 62 bytes failed: Only part of a ReadProcessMemory or WriteProcessMemory request was completed. (0x12B)
[0912/160528.490:ERROR:process_memory_win.cc(73)] ReadMemory at 0x172aed55f60 of 132 bytes failed: Only part of a ReadProcessMemory or WriteProcessMemory request was completed. (0x12B)
[0912/160528.490:ERROR:process_memory_win.cc(73)] ReadMemory at 0x172aed56090 of 60 bytes failed: Only part of a ReadProcessMemory or WriteProcessMemory request was completed. (0x12B)
[0912/160528.490:ERROR:process_memory_win.cc(73)] ReadMemory at 0x172aed5acd0 of 54 bytes failed: Only part of a ReadProcessMemory or WriteProcessMemory request was completed. (0x12B)
[0912/160528.490:ERROR:process_memory_win.cc(73)] ReadMemory at 0x172aed5e130 of 62 bytes failed: Only part of a ReadProcessMemory or WriteProcessMemory request was completed. (0x12B)
[0912/160528.490:ERROR:process_memory_win.cc(73)] ReadMemory at 0x172aed5e310 of 60 bytes failed: Only part of a ReadProcessMemory or WriteProcessMemory request was completed. (0x12B)
[0912/160528.490:ERROR:process_memory_win.cc(73)] ReadMemory at 0x172aed5e540 of 64 bytes failed: Only part of a ReadProcessMemory or WriteProcessMemory request was completed. (0x12B)
[0912/160528.490:ERROR:process_memory_win.cc(73)] ReadMemory at 0x172aed61210 of 80 bytes failed: Only part of a ReadProcessMemory or WriteProcessMemory request was completed. (0x12B)
[0912/160528.490:ERROR:process_memory_win.cc(73)] ReadMemory at 0x172aed61270 of 76 bytes failed: Only part of a ReadProcessMemory or WriteProcessMemory request was completed. (0x12B)
[0912/160528.490:ERROR:process_memory_win.cc(73)] ReadMemory at 0x172aed617b0 of 80 bytes failed: Only part of a ReadProcessMemory or WriteProcessMemory request was completed. (0x12B)
[0912/160528.490:ERROR:process_memory_win.cc(73)] ReadMemory at 0x172aed62e00 of 132 bytes failed: Only part of a ReadProcessMemory or WriteProcessMemory request was completed. (0x12B)
[0912/160528.490:ERROR:process_memory_win.cc(73)] ReadMemory at 0x172aed631f0 of 146 bytes failed: Only part of a ReadProcessMemory or WriteProcessMemory request was completed. (0x12B)
[0912/160528.490:ERROR:process_memory_win.cc(73)] ReadMemory at 0x172aed63fb0 of 132 bytes failed: Only part of a ReadProcessMemory or WriteProcessMemory request was completed. (0x12B)
[0912/160528.490:ERROR:process_memory_win.cc(73)] ReadMemory at 0x172aed64770 of 132 bytes failed: Only part of a ReadProcessMemory or WriteProcessMemory request was completed. (0x12B)
[0912/160528.490:ERROR:process_memory_win.cc(73)] ReadMemory at 0x172aed659a0 of 132 bytes failed: Only part of a ReadProcessMemory or WriteProcessMemory request was completed. (0x12B)
[0912/160528.490:ERROR:process_memory_win.cc(73)] ReadMemory at 0x172aed65bc0 of 132 bytes failed: Only part of a ReadProcessMemory or WriteProcessMemory request was completed. (0x12B)
[0912/160528.490:ERROR:process_memory_win.cc(73)] ReadMemory at 0x172aed65f20 of 132 bytes failed: Only part of a ReadProcessMemory or WriteProcessMemory request was completed. (0x12B)
[0912/160528.490:ERROR:process_memory_win.cc(73)] ReadMemory at 0x172aed66130 of 132 bytes failed: Only part of a ReadProcessMemory or WriteProcessMemory request was completed. (0x12B)
[0912/160528.490:ERROR:process_memory_win.cc(73)] ReadMemory at 0x172aed66460 of 132 bytes failed: Only part of a ReadProcessMemory or WriteProcessMemory request was completed. (0x12B)
[0912/160528.490:ERROR:process_memory_win.cc(73)] ReadMemory at 0x172aed66590 of 132 bytes failed: Only part of a ReadProcessMemory or WriteProcessMemory request was completed. (0x12B)
[0912/160528.490:ERROR:process_memory_win.cc(73)] ReadMemory at 0x172aed666c0 of 132 bytes failed: Only part of a ReadProcessMemory or WriteProcessMemory request was completed. (0x12B)
[0912/160528.490:ERROR:process_memory_win.cc(73)] ReadMemory at 0x172aed667f0 of 132 bytes failed: Only part of a ReadProcessMemory or WriteProcessMemory request was completed. (0x12B)
[0912/160528.490:ERROR:process_memory_win.cc(73)] ReadMemory at 0x172aed66920 of 132 bytes failed: Only part of a ReadProcessMemory or WriteProcessMemory request was completed. (0x12B)
[0912/160528.490:ERROR:process_memory_win.cc(73)] ReadMemory at 0x172aed66a50 of 132 bytes failed: Only part of a ReadProcessMemory or WriteProcessMemory request was completed. (0x12B)
[0912/160528.490:ERROR:process_memory_win.cc(73)] ReadMemory at 0x172aed66b80 of 132 bytes failed: Only part of a ReadProcessMemory or WriteProcessMemory request was completed. (0x12B)
[0912/160528.490:ERROR:process_memory_win.cc(73)] ReadMemory at 0x172aed66cb0 of 132 bytes failed: Only part of a ReadProcessMemory or WriteProcessMemory request was completed. (0x12B)
[0912/160528.490:ERROR:process_memory_win.cc(73)] ReadMemory at 0x172aed66f10 of 132 bytes failed: Only part of a ReadProcessMemory or WriteProcessMemory request was completed. (0x12B)
[0912/160528.490:ERROR:process_memory_win.cc(73)] ReadMemory at 0x172aed67040 of 132 bytes failed: Only part of a ReadProcessMemory or WriteProcessMemory request was completed. (0x12B)
[0912/160528.490:ERROR:process_memory_win.cc(73)] ReadMemory at 0x172aed67170 of 132 bytes failed: Only part of a ReadProcessMemory or WriteProcessMemory request was completed. (0x12B)
[0912/160528.494:ERROR:process_memory_win.cc(73)] ReadMemory at 0x172aed672a0 of 132 bytes failed: Only part of a ReadProcessMemory or WriteProcessMemory request was completed. (0x12B)
[0912/160528.494:ERROR:process_memory_win.cc(73)] ReadMemory at 0x172aed68190 of 132 bytes failed: Only part of a ReadProcessMemory or WriteProcessMemory request was completed. (0x12B)
[0912/160528.494:ERROR:process_memory_win.cc(73)] ReadMemory at 0x172aed690e0 of 64 bytes failed: Only part of a ReadProcessMemory or WriteProcessMemory request was completed. (0x12B)
[0912/160528.494:ERROR:process_memory_win.cc(73)] ReadMemory at 0x172aed691d0 of 62 bytes failed: Only part of a ReadProcessMemory or WriteProcessMemory request was completed. (0x12B)
[0912/160528.494:ERROR:process_memory_win.cc(73)] ReadMemory at 0x172aed692c0 of 62 bytes failed: Only part of a ReadProcessMemory or WriteProcessMemory request was completed. (0x12B)
[0912/160528.494:ERROR:process_memory_win.cc(73)] ReadMemory at 0x172aed69310 of 60 bytes failed: Only part of a ReadProcessMemory or WriteProcessMemory request was completed. (0x12B)
[0912/160528.494:ERROR:process_memory_win.cc(73)] ReadMemory at 0x172aed69360 of 60 bytes failed: Only part of a ReadProcessMemory or WriteProcessMemory request was completed. (0x12B)
[0912/160528.494:ERROR:process_memory_win.cc(73)] ReadMemory at 0x172aed694f0 of 60 bytes failed: Only part of a ReadProcessMemory or WriteProcessMemory request was completed. (0x12B)
[0912/160528.494:ERROR:process_memory_win.cc(73)] ReadMemory at 0x172aed697c0 of 64 bytes failed: Only part of a ReadProcessMemory or WriteProcessMemory request was completed. (0x12B)
[0912/160528.494:ERROR:process_memory_win.cc(73)] ReadMemory at 0x172aed69860 of 64 bytes failed: Only part of a ReadProcessMemory or WriteProcessMemory request was completed. (0x12B)
[0912/160528.494:ERROR:process_memory_win.cc(73)] ReadMemory at 0x172aed698b0 of 64 bytes failed: Only part of a ReadProcessMemory or WriteProcessMemory request was completed. (0x12B)
[0912/160528.494:ERROR:process_memory_win.cc(73)] ReadMemory at 0x172aed699a0 of 58 bytes failed: Only part of a ReadProcessMemory or WriteProcessMemory request was completed. (0x12B)
[0912/160528.494:ERROR:process_memory_win.cc(73)] ReadMemory at 0x172aed69a40 of 66 bytes failed: Only part of a ReadProcessMemory or WriteProcessMemory request was completed. (0x12B)
[0912/160528.494:ERROR:process_memory_win.cc(73)] ReadMemory at 0x172aed69a90 of 64 bytes failed: Only part of a ReadProcessMemory or WriteProcessMemory request was completed. (0x12B)
[0912/160528.494:ERROR:process_memory_win.cc(73)] ReadMemory at 0x172aed69ae0 of 62 bytes failed: Only part of a ReadProcessMemory or WriteProcessMemory request was completed. (0x12B)
[0912/160528.494:ERROR:process_memory_win.cc(73)] ReadMemory at 0x172aed69b30 of 62 bytes failed: Only part of a ReadProcessMemory or WriteProcessMemory request was completed. (0x12B)
[0912/160528.494:ERROR:process_memory_win.cc(73)] ReadMemory at 0x172aed69b80 of 62 bytes failed: Only part of a ReadProcessMemory or WriteProcessMemory request was completed. (0x12B)
[0912/160528.494:ERROR:process_memory_win.cc(73)] ReadMemory at 0x172aed69c20 of 64 bytes failed: Only part of a ReadProcessMemory or WriteProcessMemory request was completed. (0x12B)
[0912/160528.494:ERROR:process_memory_win.cc(73)] ReadMemory at 0x172aed69cc0 of 62 bytes failed: Only part of a ReadProcessMemory or WriteProcessMemory request was completed. (0x12B)
[0912/160528.494:ERROR:process_memory_win.cc(73)] ReadMemory at 0x172aed69d10 of 60 bytes failed: Only part of a ReadProcessMemory or WriteProcessMemory request was completed. (0x12B)
[0912/160528.494:ERROR:process_memory_win.cc(73)] ReadMemory at 0x172aed69d60 of 62 bytes failed: Only part of a ReadProcessMemory or WriteProcessMemory request was completed. (0x12B)
[0912/160528.494:ERROR:process_memory_win.cc(73)] ReadMemory at 0x172aed69db0 of 62 bytes failed: Only part of a ReadProcessMemory or WriteProcessMemory request was completed. (0x12B)
[0912/160528.494:ERROR:process_memory_win.cc(73)] ReadMemory at 0x172aed69e50 of 64 bytes failed: Only part of a ReadProcessMemory or WriteProcessMemory request was completed. (0x12B)
[0912/160528.494:ERROR:process_memory_win.cc(73)] ReadMemory at 0x172aed69ea0 of 60 bytes failed: Only part of a ReadProcessMemory or WriteProcessMemory request was completed. (0x12B)
[0912/160528.494:ERROR:process_memory_win.cc(73)] ReadMemory at 0x172aed69f40 of 66 bytes failed: Only part of a ReadProcessMemory or WriteProcessMemory request was completed. (0x12B)
[0912/160528.494:ERROR:process_memory_win.cc(73)] ReadMemory at 0x172aed69f90 of 62 bytes failed: Only part of a ReadProcessMemory or WriteProcessMemory request was completed. (0x12B)
[0912/160528.494:ERROR:process_memory_win.cc(73)] ReadMemory at 0x172aed6b5a0 of 132 bytes failed: Only part of a ReadProcessMemory or WriteProcessMemory request was completed. (0x12B)
[0912/160528.494:ERROR:process_memory_win.cc(73)] ReadMemory at 0x172aed6b8f0 of 132 bytes failed: Only part of a ReadProcessMemory or WriteProcessMemory request was completed. (0x12B)
[0912/160528.494:ERROR:process_memory_win.cc(73)] ReadMemory at 0x172aed705e0 of 132 bytes failed: Only part of a ReadProcessMemory or WriteProcessMemory request was completed. (0x12B)
[0912/160528.494:ERROR:process_memory_win.cc(73)] ReadMemory at 0x172aed70840 of 132 bytes failed: Only part of a ReadProcessMemory or WriteProcessMemory request was completed. (0x12B)
[0912/160528.494:ERROR:process_memory_win.cc(73)] ReadMemory at 0x172aed70e30 of 132 bytes failed: Only part of a ReadProcessMemory or WriteProcessMemory request was completed. (0x12B)
[0912/160528.494:ERROR:process_memory_win.cc(73)] ReadMemory at 0x172aed71090 of 132 bytes failed: Only part of a ReadProcessMemory or WriteProcessMemory request was completed. (0x12B)
[0912/160528.494:ERROR:process_memory_win.cc(73)] ReadMemory at 0x172aed71420 of 132 bytes failed: Only part of a ReadProcessMemory or WriteProcessMemory request was completed. (0x12B)
[0912/160528.494:ERROR:process_memory_win.cc(73)] ReadMemory at 0x172aed71550 of 132 bytes failed: Only part of a ReadProcessMemory or WriteProcessMemory request was completed. (0x12B)
[0912/160528.494:ERROR:process_memory_win.cc(73)] ReadMemory at 0x172aed71680 of 132 bytes failed: Only part of a ReadProcessMemory or WriteProcessMemory request was completed. (0x12B)
[0912/160528.494:ERROR:process_memory_win.cc(73)] ReadMemory at 0x172aed717b0 of 132 bytes failed: Only part of a ReadProcessMemory or WriteProcessMemory request was completed. (0x12B)
[0912/160528.494:ERROR:process_memory_win.cc(73)] ReadMemory at 0x172aed71a10 of 132 bytes failed: Only part of a ReadProcessMemory or WriteProcessMemory request was completed. (0x12B)
[0912/160528.494:ERROR:process_memory_win.cc(73)] ReadMemory at 0x172aed72130 of 132 bytes failed: Only part of a ReadProcessMemory or WriteProcessMemory request was completed. (0x12B)
[0912/160528.494:ERROR:process_memory_win.cc(73)] ReadMemory at 0x172aedbc448 of 536 bytes failed: Only part of a ReadProcessMemory or WriteProcessMemory request was completed. (0x12B)
[0912/160528.494:ERROR:process_memory_win.cc(73)] ReadMemory at 0x172aeddb140 of 512 bytes failed: Only part of a ReadProcessMemory or WriteProcessMemory request was completed. (0x12B)
[0912/160528.494:ERROR:process_memory_win.cc(73)] ReadMemory at 0x172aedddca0 of 512 bytes failed: Only part of a ReadProcessMemory or WriteProcessMemory request was completed. (0x12B)
[0912/160528.494:ERROR:process_memory_win.cc(73)] ReadMemory at 0x172aedde690 of 712 bytes failed: Only part of a ReadProcessMemory or WriteProcessMemory request was completed. (0x12B)
[0912/160528.494:ERROR:process_memory_win.cc(73)] ReadMemory at 0x172aee0a370 of 512 bytes failed: Only part of a ReadProcessMemory or WriteProcessMemory request was completed. (0x12B)
[0912/160528.494:ERROR:process_memory_win.cc(73)] ReadMemory at 0x172aee159b4 of 638 bytes failed: Only part of a ReadProcessMemory or WriteProcessMemory request was completed. (0x12B)
[0912/160528.494:ERROR:process_memory_win.cc(73)] ReadMemory at 0x172aee168f0 of 512 bytes failed: Only part of a ReadProcessMemory or WriteProcessMemory request was completed. (0x12B)
[0912/160528.494:ERROR:process_memory_win.cc(73)] ReadMemory at 0x172b0740000 of 384 bytes failed: Only part of a ReadProcessMemory or WriteProcessMemory request was completed. (0x12B)
[0912/160528.494:ERROR:process_memory_win.cc(73)] ReadMemory at 0x172b07436d0 of 512 bytes failed: Only part of a ReadProcessMemory or WriteProcessMemory request was completed. (0x12B)
[0912/160528.494:ERROR:process_memory_win.cc(73)] ReadMemory at 0x172b0756f20 of 512 bytes failed: Only part of a ReadProcessMemory or WriteProcessMemory request was completed. (0x12B)
[0912/160528.494:ERROR:process_memory_win.cc(73)] ReadMemory at 0x172b0775e88 of 768 bytes failed: Only part of a ReadProcessMemory or WriteProcessMemory request was completed. (0x12B)
[0912/160528.494:ERROR:process_memory_win.cc(73)] ReadMemory at 0x172b07d7af0 of 512 bytes failed: Only part of a ReadProcessMemory or WriteProcessMemory request was completed. (0x12B)
[0912/160528.494:ERROR:process_memory_win.cc(73)] ReadMemory at 0x172b07e01c0 of 512 bytes failed: Only part of a ReadProcessMemory or WriteProcessMemory request was completed. (0x12B)
[0912/160528.494:ERROR:process_memory_win.cc(73)] ReadMemory at 0x172b0bf22e0 of 512 bytes failed: Only part of a ReadProcessMemory or WriteProcessMemory request was completed. (0x12B)
[0912/160528.494:ERROR:process_memory_win.cc(73)] ReadMemory at 0x172b17b87e8 of 544 bytes failed: Only part of a ReadProcessMemory or WriteProcessMemory request was completed. (0x12B)
[0912/160528.498:ERROR:process_memory_win.cc(73)] ReadMemory at 0x172b1f40000 of 384 bytes failed: Only part of a ReadProcessMemory or WriteProcessMemory request was completed. (0x12B)
[0912/160528.506:ERROR:process_memory_win.cc(73)] ReadMemory at 0x172b2881450 of 512 bytes failed: Only part of a ReadProcessMemory or WriteProcessMemory request was completed. (0x12B)
[0912/160528.506:ERROR:process_memory_win.cc(73)] ReadMemory at 0x172b2add4d8 of 512 bytes failed: Only part of a ReadProcessMemory or WriteProcessMemory request was completed. (0x12B)
[0912/160528.506:ERROR:process_memory_win.cc(73)] ReadMemory at 0x172b34cacc0 of 512 bytes failed: Only part of a ReadProcessMemory or WriteProcessMemory request was completed. (0x12B)
[0912/160528.506:ERROR:process_memory_win.cc(73)] ReadMemory at 0x172b390e9b0 of 512 bytes failed: Only part of a ReadProcessMemory or WriteProcessMemory request was completed. (0x12B)
[0912/160528.506:ERROR:process_memory_win.cc(73)] ReadMemory at 0x172b4424b98 of 512 bytes failed: Only part of a ReadProcessMemory or WriteProcessMemory request was completed. (0x12B)
[0912/160528.506:ERROR:process_memory_win.cc(73)] ReadMemory at 0x172b44dacd8 of 512 bytes failed: Only part of a ReadProcessMemory or WriteProcessMemory request was completed. (0x12B)
[0912/160528.506:ERROR:process_memory_win.cc(73)] ReadMemory at 0x270f00000000 of 384 bytes failed: Only part of a ReadProcessMemory or WriteProcessMemory request was completed. (0x12B)
[0912/160528.506:ERROR:process_memory_win.cc(73)] ReadMemory at 0x270f08040305 of 512 bytes failed: Only part of a ReadProcessMemory or WriteProcessMemory request was completed. (0x12B)
[0912/160528.506:ERROR:process_memory_win.cc(73)] ReadMemory at 0x270f150a9941 of 512 bytes failed: Only part of a ReadProcessMemory or WriteProcessMemory request was completed. (0x12B)
[0912/160528.506:ERROR:process_memory_win.cc(73)] ReadMemory at 0x270f150aaaed of 539 bytes failed: Only part of a ReadProcessMemory or WriteProcessMemory request was completed. (0x12B)
[0912/160528.506:ERROR:process_memory_win.cc(73)] ReadMemory at 0x270f150aadd5 of 539 bytes failed: Only part of a ReadProcessMemory or WriteProcessMemory request was completed. (0x12B)
[0912/160528.506:ERROR:process_memory_win.cc(73)] ReadMemory at 0x270f150ac078 of 572 bytes failed: Only part of a ReadProcessMemory or WriteProcessMemory request was completed. (0x12B)
[0912/160528.510:ERROR:process_memory_win.cc(73)] ReadMemory at 0x270f1512dce5 of 512 bytes failed: Only part of a ReadProcessMemory or WriteProcessMemory request was completed. (0x12B)
[0912/160528.510:ERROR:process_memory_win.cc(73)] ReadMemory at 0x270f1512f5b0 of 513 bytes failed: Only part of a ReadProcessMemory or WriteProcessMemory request was completed. (0x12B)
[0912/160528.510:ERROR:process_memory_win.cc(73)] ReadMemory at 0x270f1512f988 of 513 bytes failed: Only part of a ReadProcessMemory or WriteProcessMemory request was completed. (0x12B)
[0912/160528.510:ERROR:process_memory_win.cc(73)] ReadMemory at 0x270f1b9c9c80 of 512 bytes failed: Only part of a ReadProcessMemory or WriteProcessMemory request was completed. (0x12B)
[0912/160528.510:ERROR:process_memory_win.cc(73)] ReadMemory at 0x270f1b9fff81 of 512 bytes failed: Only part of a ReadProcessMemory or WriteProcessMemory request was completed. (0x12B)
[0912/160528.510:ERROR:process_memory_win.cc(73)] ReadMemory at 0x7ff9f1087ef9 of 512 bytes failed: Only part of a ReadProcessMemory or WriteProcessMemory request was completed. (0x12B)
[0912/160528.510:ERROR:process_memory_win.cc(73)] ReadMemory at 0x7ff9f10e2089 of 512 bytes failed: Only part of a ReadProcessMemory or WriteProcessMemory request was completed. (0x12B)
[0912/160528.510:ERROR:process_memory_win.cc(73)] ReadMemory at 0x7ffa1c985160 of 512 bytes failed: Only part of a ReadProcessMemory or WriteProcessMemory request was completed. (0x12B)
[0912/160528.510:ERROR:process_memory_win.cc(73)] ReadMemory at 0x7ffa1c985867 of 512 bytes failed: Only part of a ReadProcessMemory or WriteProcessMemory request was completed. (0x12B)
[0912/160528.510:ERROR:process_memory_win.cc(73)] ReadMemory at 0x7ffa43b21f80 of 512 bytes failed: Only part of a ReadProcessMemory or WriteProcessMemory request was completed. (0x12B)
[0912/160528.526:ERROR:process_memory_win.cc(73)] ReadMemory at 0x7ffa445dc074 of 672 bytes failed: Only part of a ReadProcessMemory or WriteProcessMemory request was completed. (0x12B)
[0912/160528.526:ERROR:process_memory_win.cc(73)] ReadMemory at 0x7ffa445df924 of 608 bytes failed: Only part of a ReadProcessMemory or WriteProcessMemory request was completed. (0x12B)
[0912/160528.526:ERROR:process_memory_win.cc(73)] ReadMemory at 0x7ffa4466c428 of 18 bytes failed: Only part of a ReadProcessMemory or WriteProcessMemory request was completed. (0x12B)
[0912/160528.526:ERROR:process_memory_win.cc(73)] ReadMemory at 0x7ffa4469f4f8 of 40 bytes failed: Only part of a ReadProcessMemory or WriteProcessMemory request was completed. (0x12B)
[0912/160528.526:ERROR:process_memory_win.cc(73)] ReadMemory at 0x7ffa4469f978 of 48 bytes failed: Only part of a ReadProcessMemory or WriteProcessMemory request was completed. (0x12B)
[0912/160528.526:ERROR:process_memory_win.cc(73)] ReadMemory at 0x7ffa446a53c0 of 64 bytes failed: Only part of a ReadProcessMemory or WriteProcessMemory request was completed. (0x12B)
[0912/160528.574:ERROR:scoped_process_suspend.cc(40)] NtResumeProcess: An attempt was made to access an exiting process. (0xc000010a)
